0 info it worked if it ends with ok
1 verbose cli [ '/usr/local/bin/node',
1 verbose cli   '/usr/local/bin/npm',
1 verbose cli   'install',
1 verbose cli   '-g',
1 verbose cli   'express@2.5.x' ]
2 info using npm@1.1.69
3 info using node@v0.8.16
4 verbose read json /usr/local/lib/package.json
5 verbose read json /usr/local/lib/package.json
6 verbose cache add [ 'express@2.5.x', null ]
7 silly cache add name=undefined spec="express@2.5.x" args=["express@2.5.x",null]
8 verbose parsed url { pathname: 'express@2.5.x',
8 verbose parsed url   path: 'express@2.5.x',
8 verbose parsed url   href: 'express@2.5.x' }
9 silly cache add name="express" spec="2.5.x" args=["express","2.5.x"]
10 verbose parsed url { pathname: '2.5.x', path: '2.5.x', href: '2.5.x' }
11 verbose addNamed [ 'express', '2.5.x' ]
12 verbose addNamed [ null, '>=2.5.0- <2.6.0-' ]
13 silly lockFile 38bf5a2e-express-2-5-x express@2.5.x
14 verbose lock express@2.5.x /home/lisyoen/.npm/38bf5a2e-express-2-5-x.lock
15 silly addNameRange { name: 'express', range: '>=2.5.0- <2.6.0-', hasData: false }
16 verbose url raw express
17 verbose url resolving [ 'https://registry.npmjs.org/', './express' ]
18 verbose url resolved https://registry.npmjs.org/express
19 info trying registry request attempt 1 at 20:46:32
20 verbose etag "36JYEVA9RNBRNO1M9ZOIXMWJN"
21 http GET https://registry.npmjs.org/express
22 http 304 https://registry.npmjs.org/express
23 silly registry.get cb [ 304,
23 silly registry.get   { server: 'CouchDB/1.3.0 (Erlang OTP/R15B03)',
23 silly registry.get     etag: '"36JYEVA9RNBRNO1M9ZOIXMWJN"',
23 silly registry.get     date: 'Fri, 03 May 2013 11:48:30 GMT',
23 silly registry.get     'content-length': '0' } ]
24 verbose etag express from cache
25 silly addNameRange number 2 { name: 'express', range: '>=2.5.0- <2.6.0-', hasData: true }
26 silly addNameRange versions [ 'express',
26 silly addNameRange   [ '0.14.0',
26 silly addNameRange     '0.14.1',
26 silly addNameRange     '1.0.0beta',
26 silly addNameRange     '1.0.0beta2',
26 silly addNameRange     '1.0.0rc',
26 silly addNameRange     '1.0.0rc2',
26 silly addNameRange     '1.0.0rc3',
26 silly addNameRange     '1.0.0rc4',
26 silly addNameRange     '1.0.0',
26 silly addNameRange     '1.0.1',
26 silly addNameRange     '1.0.2',
26 silly addNameRange     '1.0.3',
26 silly addNameRange     '1.0.4',
26 silly addNameRange     '1.0.5',
26 silly addNameRange     '1.0.6',
26 silly addNameRange     '1.0.7',
26 silly addNameRange     '2.0.0beta',
26 silly addNameRange     '1.0.8',
26 silly addNameRange     '2.0.0beta2',
26 silly addNameRange     '2.0.0beta3',
26 silly addNameRange     '2.0.0rc',
26 silly addNameRange     '2.0.0rc2',
26 silly addNameRange     '2.0.0rc3',
26 silly addNameRange     '2.0.0',
26 silly addNameRange     '2.1.0',
26 silly addNameRange     '2.1.1',
26 silly addNameRange     '2.2.0',
26 silly addNameRange     '2.2.1',
26 silly addNameRange     '2.2.2',
26 silly addNameRange     '2.3.0',
26 silly addNameRange     '2.3.1',
26 silly addNameRange     '2.3.2',
26 silly addNameRange     '2.3.3',
26 silly addNameRange     '2.3.4',
26 silly addNameRange     '2.3.5',
26 silly addNameRange     '2.3.6',
26 silly addNameRange     '2.3.7',
26 silly addNameRange     '2.3.8',
26 silly addNameRange     '2.3.9',
26 silly addNameRange     '2.3.10',
26 silly addNameRange     '2.3.11',
26 silly addNameRange     '2.3.12',
26 silly addNameRange     '2.4.0',
26 silly addNameRange     '2.4.1',
26 silly addNameRange     '2.4.2',
26 silly addNameRange     '2.4.3',
26 silly addNameRange     '2.4.4',
26 silly addNameRange     '2.4.5',
26 silly addNameRange     '2.4.6',
26 silly addNameRange     '2.4.7',
26 silly addNameRange     '2.5.0',
26 silly addNameRange     '2.5.1',
26 silly addNameRange     '2.5.2',
26 silly addNameRange     '2.5.3',
26 silly addNameRange     '2.5.4',
26 silly addNameRange     '2.5.5',
26 silly addNameRange     '2.5.6',
26 silly addNameRange     '2.5.7',
26 silly addNameRange     '2.5.8',
26 silly addNameRange     '2.5.9',
26 silly addNameRange     '3.0.0alpha1',
26 silly addNameRange     '3.0.0alpha2',
26 silly addNameRange     '3.0.0alpha3',
26 silly addNameRange     '3.0.0alpha4',
26 silly addNameRange     '3.0.0alpha5',
26 silly addNameRange     '3.0.0beta1',
26 silly addNameRange     '3.0.0beta2',
26 silly addNameRange     '3.0.0beta3',
26 silly addNameRange     '2.5.10',
26 silly addNameRange     '3.0.0beta4',
26 silly addNameRange     '2.5.11',
26 silly addNameRange     '3.0.0beta6',
26 silly addNameRange     '3.0.0beta7',
26 silly addNameRange     '3.0.0rc1',
26 silly addNameRange     '3.0.0rc2',
26 silly addNameRange     '3.0.0rc3',
26 silly addNameRange     '3.0.0rc4',
26 silly addNameRange     '3.0.0rc5',
26 silly addNameRange     '3.0.0',
26 silly addNameRange     '3.0.1',
26 silly addNameRange     '3.0.2',
26 silly addNameRange     '3.0.3',
26 silly addNameRange     '3.0.4',
26 silly addNameRange     '3.0.5',
26 silly addNameRange     '3.0.6',
26 silly addNameRange     '3.1.0',
26 silly addNameRange     '3.1.1',
26 silly addNameRange     '3.1.2',
26 silly addNameRange     '3.2.0',
26 silly addNameRange     '3.2.1' ] ]
27 verbose addNamed [ 'express', '2.5.11' ]
28 verbose addNamed [ '2.5.11', '2.5.11' ]
29 silly lockFile 631042f2-express-2-5-11 express@2.5.11
30 verbose lock express@2.5.11 /home/lisyoen/.npm/631042f2-express-2-5-11.lock
31 verbose read json /home/lisyoen/.npm/express/2.5.11/package/package.json
32 silly lockFile 631042f2-express-2-5-11 express@2.5.11
33 silly lockFile 38bf5a2e-express-2-5-x express@2.5.x
34 silly resolved [ { name: 'express',
34 silly resolved     description: 'Sinatra inspired web development framework',
34 silly resolved     version: '2.5.11',
34 silly resolved     author: { name: 'TJ Holowaychuk', email: 'tj@vision-media.ca' },
34 silly resolved     contributors: [ [Object], [Object], [Object], [Object] ],
34 silly resolved     dependencies: { connect: '1.x', mime: '1.2.4', qs: '0.4.x', mkdirp: '0.3.0' },
34 silly resolved     devDependencies:
34 silly resolved      { 'connect-form': '0.2.1',
34 silly resolved        ejs: '0.4.2',
34 silly resolved        expresso: '0.9.2',
34 silly resolved        hamljs: '0.6.x',
34 silly resolved        jade: '0.16.2',
34 silly resolved        stylus: '0.13.0',
34 silly resolved        should: '0.3.2',
34 silly resolved        'express-messages': '0.0.2',
34 silly resolved        'node-markdown': '>= 0.0.1',
34 silly resolved        'connect-redis': '>= 0.0.1' },
34 silly resolved     keywords: [ 'framework', 'sinatra', 'web', 'rest', 'restful' ],
34 silly resolved     repository: { type: 'git', url: 'git://github.com/visionmedia/express' },
34 silly resolved     main: 'index',
34 silly resolved     bin: { express: './bin/express' },
34 silly resolved     scripts: { test: 'make test', prepublish: 'npm prune' },
34 silly resolved     readme: '\n# Express\n      \n  Insanely fast (and small) server-side JavaScript web development framework\n  built on [node](http://nodejs.org) and [Connect](http://github.com/senchalabs/connect).\n  \n     var app = express.createServer();\n     \n     app.get(\'/\', function(req, res){\n       res.send(\'Hello World\');\n     });\n     \n     app.listen(3000);\n\n## Installation\n\n    $ npm install express\n\nor to access the `express(1)` executable install globally:\n\n    $ npm install -g express\n\n## Quick Start\n\n The quickest way to get started with express is to utilize the executable `express(1)` to generate an application as shown below:\n\n Create the app:\n\n    $ npm install -g express\n    $ express /tmp/foo && cd /tmp/foo\n\n Install dependencies:\n\n    $ npm install -d\n\n Start the server:\n\n    $ node app.js\n\n## Features\n\n  * Robust routing\n  * Redirection helpers\n  * Dynamic view helpers\n  * Content negotiation\n  * Focus on high performance\n  * View rendering and partials support\n  * Environment based configuration\n  * Session based flash notifications\n  * Built on [Connect](http://github.com/senchalabs/connect)\n  * High test coverage\n  * Executable for generating applications quickly\n  * Application level view options\n\nVia Connect:\n\n  * Session support\n  * Cache API\n  * Mime helpers\n  * ETag support\n  * Persistent flash notifications\n  * Cookie support\n  * JSON-RPC\n  * Logging\n  * and _much_ more!\n\n## Contributors\n\nThe following are the major contributors of Express (in no specific order).\n\n  * TJ Holowaychuk ([visionmedia](http://github.com/visionmedia))\n  * Ciaran Jessup ([ciaranj](http://github.com/ciaranj))\n  * Aaron Heckmann ([aheckmann](http://github.com/aheckmann))\n  * Guillermo Rauch ([guille](http://github.com/guille))\n\n## More Information\n\n  * #express on freenode\n  * [express-expose](http://github.com/visionmedia/express-expose) expose objects, functions, modules and more to client-side js with ease\n  * [express-configure](http://github.com/visionmedia/express-configuration) async configuration support\n  * [express-messages](http://github.com/visionmedia/express-messages) flash notification rendering helper\n  * [express-namespace](http://github.com/visionmedia/express-namespace) namespaced route support\n  * [express-params](https://github.com/visionmedia/express-params) param pre-condition functions\n  * [express-mongoose](https://github.com/LearnBoost/express-mongoose) plugin for easy rendering of Mongoose async Query results\n  * Follow [tjholowaychuk](http://twitter.com/tjholowaychuk) on twitter for updates\n  * [Google Group](http://groups.google.com/group/express-js) for discussion\n  * Visit the [Wiki](http://github.com/visionmedia/express/wiki)\n  * [日本語ドキュメンテーション](http://hideyukisaito.com/doc/expressjs/) by [hideyukisaito](https://github.com/hideyukisaito)\n  * Screencast - [Introduction](http://bit.ly/eRYu0O)\n  * Screencast - [View Partials](http://bit.ly/dU13Fx)\n  * Screencast - [Route Specific Middleware](http://bit.ly/hX4IaH)\n  * Screencast - [Route Path Placeholder Preconditions](http://bit.ly/eNqmVs)\n\n## Node Compatibility\n\nExpress 1.x is compatible with node 0.2.x and connect < 1.0.\n\nExpress 2.x is compatible with node 0.4.x or 0.6.x, and connect 1.x\n\nExpress 3.x (master) will be compatible with node 0.6.x and connect 2.x\n\n## Viewing Examples\n\nFirst install the dev dependencies to install all the example / test suite deps:\n\n    $ npm install\n\nthen run whichever tests you want:\n\n    $ node examples/jade/app.js\n\n## Running Tests\n\nTo run the test suite first invoke the following command within the repo, installing the development dependencies:\n\n    $ npm install\n\nthen run the tests:\n\n    $ make test\n\n## License \n\n(The MIT License)\n\nCopyright (c) 2009-2011 TJ Holowaychuk &lt;tj@vision-media.ca&gt;\n\nPermission is hereby granted, free of charge, to any person obtaining\na copy of this software and associated documentation files (the\n\'Software\'), to deal in the Software without restriction, including\nwithout limitation the rights to use, copy, modify, merge, publish,\ndistribute, sublicense, and/or sell copies of the Software, and to\npermit persons to whom the Software is furnished to do so, subject to\nthe following conditions:\n\nThe above copyright notice and this permission notice shall be\nincluded in all copies or substantial portions of the Software.\n\nTHE SOFTWARE IS PROVIDED \'AS IS\', WITHOUT WARRANTY OF ANY KIND,\nEXPRESS OR IMPLIED, INCLUDING BUT NOT LIMITED TO THE WARRANTIES OF\nMERCHANTABILITY, FITNESS FOR A PARTICULAR PURPOSE AND NONINFRINGEMENT.\nIN NO EVENT SHALL THE AUTHORS OR COPYRIGHT HOLDERS BE LIABLE FOR ANY\nCLAIM, DAMAGES OR OTHER LIABILITY, WHETHER IN AN ACTION OF CONTRACT,\nTORT OR OTHERWISE, ARISING FROM, OUT OF OR IN CONNECTION WITH THE\nSOFTWARE OR THE USE OR OTHER DEALINGS IN THE SOFTWARE.\n',
34 silly resolved     readmeFilename: 'Readme.md',
34 silly resolved     _id: 'express@2.5.11',
34 silly resolved     _from: 'express@2.5.x' } ]
35 info install express@2.5.11 into /usr/local/lib
36 info installOne express@2.5.11
37 verbose from cache /home/lisyoen/.npm/express/2.5.11/package/package.json
38 info /usr/local/lib/node_modules/express unbuild
39 verbose read json /usr/local/lib/node_modules/express/package.json
40 info preuninstall express@2.5.11
41 info uninstall express@2.5.11
42 verbose true,/usr/local/lib/node_modules,/usr/local/lib/node_modules unbuild express@2.5.11
43 verbose /usr/local/bin,[object Object] binRoot
44 info /usr/local/lib/node_modules/express unbuild
45 verbose read json /usr/local/lib/node_modules/express/package.json
46 info preuninstall express@2.5.11
47 info uninstall express@2.5.11
48 verbose true,/usr/local/lib/node_modules,/usr/local/lib/node_modules unbuild express@2.5.11
49 verbose /usr/local/bin,[object Object] binRoot
50 error error rolling back Error: EACCES, unlink '/usr/local/bin/express'
50 error error rolling back  express@2.5.11 { [Error: EACCES, unlink '/usr/local/bin/express'] errno: 3, code: 'EACCES', path: '/usr/local/bin/express' }
51 error Error: EACCES, unlink '/usr/local/bin/express'
51 error  { [Error: EACCES, unlink '/usr/local/bin/express'] errno: 3, code: 'EACCES', path: '/usr/local/bin/express' }
52 error Please try running this command again as root/Administrator.
53 error System Linux 3.2.0-24-generic
54 error command "/usr/local/bin/node" "/usr/local/bin/npm" "install" "-g" "express@2.5.x"
55 error cwd /var/www/main
56 error node -v v0.8.16
57 error npm -v 1.1.69
58 error path /usr/local/bin/express
59 error code EACCES
60 error errno 3
61 error stack Error: EACCES, unlink '/usr/local/bin/express'
62 verbose exit [ 3, true ]
